0 info it worked if it ends with ok
1 verbose cli [ 'C:\\Program Files (x86)\\nodejs\\node.exe',
1 verbose cli   'C:\\Program Files (x86)\\nodejs\\node_modules\\npm\\bin\\npm-cli.js',
1 verbose cli   'run',
1 verbose cli   'dist' ]
2 info using npm@3.10.3
3 info using node@v6.4.0
4 verbose run-script [ 'predist', 'dist', 'postdist' ]
5 info lifecycle sertle@0.0.3~predist: sertle@0.0.3
6 silly lifecycle sertle@0.0.3~predist: no script for predist, continuing
7 info lifecycle sertle@0.0.3~dist: sertle@0.0.3
8 verbose lifecycle sertle@0.0.3~dist: unsafe-perm in lifecycle true
9 verbose lifecycle sertle@0.0.3~dist: PATH: C:\Program Files (x86)\nodejs\node_modules\npm\bin\node-gyp-bin;C:\Users\serdo\Documents\GitHub\sertle\node_modules\.bin;C:\Program Files (x86)\nodejs;C:\Users\serdo\bin;C:\Program Files\Git\mingw64\bin;C:\Program Files\Git\usr\local\bin;C:\Program Files\Git\usr\bin;C:\Program Files\Git\usr\bin;C:\Program Files\Git\mingw64\bin;C:\Program Files\Git\usr\bin;C:\Users\serdo\bin;C:\WINDOWS\system32;C:\WINDOWS;C:\WINDOWS\System32\Wbem;C:\WINDOWS\System32\WindowsPowerShell\v1.0;C:\Program Files (x86)\nodejs;C:\Program Files\Microsoft\Web Platform Installer;C:\Program Files\Microsoft SQL Server\120\Tools\Binn;C:\Program Files (x86)\Heroku\bin;C:\Program Files (x86)\git\cmd;C:\Program Files (x86)\Windows Live\Shared;C:\Program Files (x86)\Skype\Phone;C:\Program Files\Microsoft SQL Server\130\Tools\Binn;C:\Program Files (x86)\Windows Kits\10\Windows Performance Toolkit;C:\Program Files (x86)\MiKTeX 2.9\miktex\bin;C:\Program Files (x86)\NVIDIA Corporation\PhysX\Common;C:\Program Files (x86)\Microsoft Emulator Manager\1.0;C:\Program Files\Git\cmd;C:\Users\serdo\AppData\Roaming\npm;C:\Users\serdo\AppData\Local\atom\bin;C:\Program Files\Git\usr\bin\vendor_perl;C:\Program Files\Git\usr\bin\core_perl
10 verbose lifecycle sertle@0.0.3~dist: CWD: C:\Users\serdo\Documents\GitHub\sertle
11 silly lifecycle sertle@0.0.3~dist: Args: [ '/d /s /c', 'build --x64' ]
12 silly lifecycle sertle@0.0.3~dist: Returned: code: 4294967295  signal: null
13 info lifecycle sertle@0.0.3~dist: Failed to exec dist script
14 verbose stack Error: sertle@0.0.3 dist: `build --x64`
14 verbose stack Exit status 4294967295
14 verbose stack     at EventEmitter.<anonymous> (C:\Program Files (x86)\nodejs\node_modules\npm\lib\utils\lifecycle.js:242:16)
14 verbose stack     at emitTwo (events.js:106:13)
14 verbose stack     at EventEmitter.emit (events.js:191:7)
14 verbose stack     at ChildProcess.<anonymous> (C:\Program Files (x86)\nodejs\node_modules\npm\lib\utils\spawn.js:40:14)
14 verbose stack     at emitTwo (events.js:106:13)
14 verbose stack     at ChildProcess.emit (events.js:191:7)
14 verbose stack     at maybeClose (internal/child_process.js:852:16)
14 verbose stack     at Process.ChildProcess._handle.onexit (internal/child_process.js:215:5)
15 verbose pkgid sertle@0.0.3
16 verbose cwd C:\Users\serdo\Documents\GitHub\sertle
17 error Windows_NT 10.0.10586
18 error argv "C:\\Program Files (x86)\\nodejs\\node.exe" "C:\\Program Files (x86)\\nodejs\\node_modules\\npm\\bin\\npm-cli.js" "run" "dist"
19 error node v6.4.0
20 error npm  v3.10.3
21 error code ELIFECYCLE
22 error sertle@0.0.3 dist: `build --x64`
22 error Exit status 4294967295
23 error Failed at the sertle@0.0.3 dist script 'build --x64'.
23 error Make sure you have the latest version of node.js and npm installed.
23 error If you do, this is most likely a problem with the sertle package,
23 error not with npm itself.
23 error Tell the author that this fails on your system:
23 error     build --x64
23 error You can get information on how to open an issue for this project with:
23 error     npm bugs sertle
23 error Or if that isn't available, you can get their info via:
23 error     npm owner ls sertle
23 error There is likely additional logging output above.
24 verbose exit [ 1, true ]
